<?xml version="1.0" encoding="UTF-8"?>
<!-- Generated by org.testng.reporters.JUnitReportReporter -->
<testsuite hostname="Ankit_lappy" failures="0" tests="2" name="testNGPractice.testNG_Practice3" time="0.006" errors="0" timestamp="2025-06-01T13:40:01 CDT" skipped="0">
  <testcase classname="testNGPractice.testNG_Practice3" name="B_Scenario_10" time="0.004"/>
  <testcase classname="testNGPractice.testNG_Practice3" name="A_Scenario_9" time="0.002"/>
</testsuite> <!-- testNGPractice.testNG_Practice3 -->
