<?xml version="1.0" encoding="UTF-8"?>
<!-- Generated by org.testng.reporters.JUnitReportReporter -->
<testsuite hostname="Ankit_lappy" failures="0" tests="4" name="testNGPractice.testNG_Practice2" time="0.009" errors="0" timestamp="2025-06-01T12:28:21 CDT" skipped="0">
  <testcase classname="testNGPractice.testNG_Practice2" name="Scenario5" time="0.004"/>
  <testcase classname="testNGPractice.testNG_Practice2" name="Scenario8" time="0.002"/>
  <testcase classname="testNGPractice.testNG_Practice2" name="Scenario6" time="0.001"/>
  <testcase classname="testNGPractice.testNG_Practice2" name="Scenario7" time="0.002"/>
</testsuite> <!-- testNGPractice.testNG_Practice2 -->
